Построение начато 18.06.2014 20:39:11.
     1>Проект "c:\COM\InProcerver\ИГРА ПЯТНАШКИ\ИГРА ПЯТНАШКИ.vcxproj" в узле 2 (целевые объекты build).
     1>InitializeBuildStatus:
         Создание "Debug\ИГРА ПЯТНАШКИ.unsuccessfulbuild", так как было задано "AlwaysCreate".
       ClCompile:
         C:\Program Files (x86)\Microsoft Visual Studio 10.0\VC\bin\CL.exe /c /I"D:\Visual Leak Detector\include" /ZI /nologo /W3 /WX- /Od /Oy- /D WIN32 /D _DEBUG /D _WINDOWS /D _UNICODE /D UNICODE /D _ATL_STATIC_REGISTRY /Gm /EHsc /RTC1 /MDd /GS /fp:precise /Zc:wchar_t /Zc:forScope /Yc"StdAfx.h" /Fp"Debug\ИГРА ПЯТНАШКИ.pch" /Fo"Debug\\" /Fd"Debug\vc100.pdb" /Gd /TP /analyze- /errorReport:prompt stdafx.cpp
         stdafx.cpp
         C:\Program Files (x86)\Microsoft Visual Studio 10.0\VC\bin\CL.exe /c /I"D:\Visual Leak Detector\include" /ZI /nologo /W3 /WX- /Od /Oy- /D WIN32 /D _DEBUG /D _WINDOWS /D _UNICODE /D UNICODE /D _ATL_STATIC_REGISTRY /Gm /EHsc /RTC1 /MDd /GS /fp:precise /Zc:wchar_t /Zc:forScope /Yu"StdAfx.h" /Fp"Debug\ИГРА ПЯТНАШКИ.pch" /Fo"Debug\\" /Fd"Debug\vc100.pdb" /Gd /TP /analyze- /errorReport:prompt barleyBreak.cpp create_main_window.cpp create_bitmap_for_bk.cpp Desktop.cpp "ИГРА ПЯТНАШКИ.cpp"
         ИГРА ПЯТНАШКИ.cpp
     1>c:\com\inprocerver\игра пятнашки\игра пятнашки.cpp(23): warning C4129: :
     1>c:\com\inprocerver\игра пятнашки\игра пятнашки.cpp(182): warning C4129: s: неизвестная escape-последовательность
     1>c:\com\inprocerver\игра пятнашки\игра пятнашки.cpp(289): warning C4800: BOOL: принудительно задано логическое значение "true" или "false" (предупреждение о производительности)
     1>c:\com\inprocerver\игра пятнашки\игра пятнашки.cpp(315): warning C4800: BOOL: принудительно задано логическое значение "true" или "false" (предупреждение о производительности)
     1>c:\com\inprocerver\игра пятнашки\игра пятнашки.cpp(442): warning C4800: BOOL: принудительно задано логическое значение "true" или "false" (предупреждение о производительности)
     1>c:\com\inprocerver\игра пятнашки\игра пятнашки.cpp(465): warning C4800: BOOL: принудительно задано логическое значение "true" или "false" (предупреждение о производительности)
         Desktop.cpp
         create_bitmap_for_bk.cpp
         create_main_window.cpp
         barleyBreak.cpp
     1>c:\com\inprocerver\игра пятнашки\barleybreak.cpp(331): warning C4244: аргумент: преобразование "time_t" в "unsigned int", возможна потеря данных
         Создание кода...
     1>c:\com\inprocerver\игра пятнашки\игра пятнашки.cpp(147): warning C4700: использована неинициализированная локальная переменная "pInfo"
       ResourceCompile:
         C:\Program Files (x86)\Microsoft SDKs\Windows\v7.0A\bin\rc.exe /D _UNICODE /D UNICODE /l"0x0409" /nologo /fo"Debug\ИГРА ПЯТНАШКИ2.res" "ИГРА ПЯТНАШКИ2.rc" 
       ManifestResourceCompile:
         C:\Program Files (x86)\Microsoft SDKs\Windows\v7.0A\bin\rc.exe /nologo /fo"Debug\ИГРА ПЯТНАШКИ.exe.embed.manifest.res" "Debug\ИГРА ПЯТНАШКИ_manifest.rc" 
       Link:
         C:\Program Files (x86)\Microsoft Visual Studio 10.0\VC\bin\link.exe /ERRORREPORT:PROMPT /OUT:"C:\COM\InProcerver\ИГРА ПЯТНАШКИ\Debug\ИГРА ПЯТНАШКИ.exe" /INCREMENTAL /NOLOGO /LIBPATH:"D:\Visual Leak Detector\lib\Win32" gdiplus.lib kernel32.lib user32.lib gdi32.lib winspool.lib comdlg32.lib advapi32.lib shell32.lib ole32.lib oleaut32.lib uuid.lib odbc32.lib odbccp32.lib /MANIFEST /ManifestFile:"Debug\ИГРА ПЯТНАШКИ.exe.intermediate.manifest" /MANIFESTUAC:"level='asInvoker' uiAccess='false'" /DEBUG /PDB:"C:\COM\InProcerver\ИГРА ПЯТНАШКИ\Debug\ИГРА ПЯТНАШКИ.pdb" /SUBSYSTEM:WINDOWS /TLBID:1 /DYNAMICBASE /NXCOMPAT /IMPLIB:"C:\COM\InProcerver\ИГРА ПЯТНАШКИ\Debug\ИГРА ПЯТНАШКИ.lib" /MACHINE:X86 "Debug\ИГРА ПЯТНАШКИ2.res"
         "Debug\ИГРА ПЯТНАШКИ.exe.embed.manifest.res"
         Debug\barleyBreak.obj
         Debug\create_main_window.obj
         Debug\create_bitmap_for_bk.obj
         Debug\Desktop.obj
         Debug\stdafx.obj
         "Debug\ИГРА ПЯТНАШКИ.obj"
       Manifest:
         Файл "Debug\ИГРА ПЯТНАШКИ.exe.embed.manifest" удаляется.
         C:\Program Files (x86)\Microsoft SDKs\Windows\v7.0A\bin\mt.exe /nologo /verbose /out:"Debug\ИГРА ПЯТНАШКИ.exe.embed.manifest" /manifest "Debug\ИГРА ПЯТНАШКИ.exe.intermediate.manifest"
         C:\Program Files (x86)\Microsoft SDKs\Windows\v7.0A\bin\rc.exe /nologo /fo"Debug\ИГРА ПЯТНАШКИ.exe.embed.manifest.res" "Debug\ИГРА ПЯТНАШКИ_manifest.rc" 
       LinkEmbedManifest:
         C:\Program Files (x86)\Microsoft Visual Studio 10.0\VC\bin\link.exe /ERRORREPORT:PROMPT /OUT:"C:\COM\InProcerver\ИГРА ПЯТНАШКИ\Debug\ИГРА ПЯТНАШКИ.exe" /INCREMENTAL /NOLOGO /LIBPATH:"D:\Visual Leak Detector\lib\Win32" gdiplus.lib kernel32.lib user32.lib gdi32.lib winspool.lib comdlg32.lib advapi32.lib shell32.lib ole32.lib oleaut32.lib uuid.lib odbc32.lib odbccp32.lib /MANIFEST /ManifestFile:"Debug\ИГРА ПЯТНАШКИ.exe.intermediate.manifest" /MANIFESTUAC:"level='asInvoker' uiAccess='false'" /DEBUG /PDB:"C:\COM\InProcerver\ИГРА ПЯТНАШКИ\Debug\ИГРА ПЯТНАШКИ.pdb" /SUBSYSTEM:WINDOWS /TLBID:1 /DYNAMICBASE /NXCOMPAT /IMPLIB:"C:\COM\InProcerver\ИГРА ПЯТНАШКИ\Debug\ИГРА ПЯТНАШКИ.lib" /MACHINE:X86 "Debug\ИГРА ПЯТНАШКИ2.res"
         "Debug\ИГРА ПЯТНАШКИ.exe.embed.manifest.res"
         Debug\barleyBreak.obj
         Debug\create_main_window.obj
         Debug\create_bitmap_for_bk.obj
         Debug\Desktop.obj
         Debug\stdafx.obj
         "Debug\ИГРА ПЯТНАШКИ.obj"
         ИГРА ПЯТНАШКИ.vcxproj -> C:\COM\InProcerver\ИГРА ПЯТНАШКИ\Debug\ИГРА ПЯТНАШКИ.exe
       FinalizeBuildStatus:
         Файл "Debug\ИГРА ПЯТНАШКИ.unsuccessfulbuild" удаляется.
         Обращение к "Debug\ИГРА ПЯТНАШКИ.lastbuildstate".
     1>Построение проекта "c:\COM\InProcerver\ИГРА ПЯТНАШКИ\ИГРА ПЯТНАШКИ.vcxproj" завершено (целевые объекты build).

Построение успешно завершено.

Затраченное время: 00:02:30.96
